<?xml version="1.0" encoding="UTF-8"?>
<!-- Generated by org.testng.reporters.JUnitXMLReporter -->
<testsuite hostname="DESKTOP-J4CKVG8" ignored="0" name="SampleTest" tests="7" failures="0" timestamp="12 Oct 2021 12:20:24 GMT" time="0.203" errors="0">
  <testcase name="a_method" time="0.062" classname="com.login.Tests.TestRunnerFile"/>
  <testcase name="b_method" time="0.004" classname="com.login.Tests.TestRunnerFile"/>
  <testcase name="c_method" time="0.002" classname="com.login.Tests.TestRunnerFile"/>
  <testcase name="d_method" time="0.003" classname="com.login.Tests.TestRunnerFile"/>
  <testcase name="e_method" time="0.003" classname="com.login.Tests.TestRunnerFile"/>
  <testcase name="f_method" time="0.002" classname="com.login.Tests.TestRunnerFile"/>
  <testcase name="g_method" time="0.003" classname="com.login.Tests.TestRunnerFile"/>
</testsuite> <!-- SampleTest -->
